<?xml version="1.0" encoding="UTF-8"?>
<!-- Generated by org.testng.reporters.JUnitReportReporter -->
<testsuite hostname="Almazs-MBP.fios-router.home" failures="0" tests="1" name="Academy.ValidateNavBar" time="0.054" errors="0" timestamp="2020-03-19T11:21:05 EDT" skipped="0">
  <testcase classname="Academy.ValidateNavBar" name="basePageNavigation" time="0.054"/>
  <system-out/>
</testsuite> <!-- Academy.ValidateNavBar -->
