<?xml version="1.0" encoding="UTF-8"?>
<!-- Generated by org.testng.reporters.JUnitReportReporter -->
<testsuite hostname="Almazs-MBP.fios-router.home" failures="0" tests="2" name="Academy.HomePage" time="9.537" errors="0" timestamp="2020-03-19T11:21:05 EDT" skipped="0">
  <testcase classname="Academy.HomePage" name="basePageNavigation" time="5.081"/>
  <system-out/>
  <testcase classname="Academy.HomePage" name="basePageNavigation" time="4.456"/>
  <system-out/>
</testsuite> <!-- Academy.HomePage -->
