<?xml version="1.0" encoding="UTF-8"?>
<!-- Generated by org.testng.reporters.JUnitReportReporter -->
<testsuite hostname="Almazs-MBP.fios-router.home" failures="0" tests="1" name="Academy.AppTest" time="0.073" errors="0" timestamp="2020-03-18T21:09:58 EDT" skipped="0">
  <testcase classname="Academy.AppTest" name="testApp" time="0.073"/>
  <system-out/>
</testsuite> <!-- Academy.AppTest -->
