<?xml version="1.0" encoding="UTF-8"?>
<!-- Generated by org.testng.reporters.JUnitReportReporter -->
<testsuite skipped="0" hostname="Almazs-MBP.fios-router.home" name="Academy.AppTest" tests="1" failures="0" timestamp="2020-03-18T23:52:40 EDT" time="0.002" errors="0">
  <testcase name="testApp" time="0.002" classname="Academy.AppTest"/>
  <system-out/>
</testsuite> <!-- Academy.AppTest -->
