<?xml version="1.0" encoding="UTF-8"?>
<!-- Generated by org.testng.reporters.JUnitReportReporter -->
<testsuite skipped="0" hostname="Almazs-MBP.fios-router.home" name="Academy.ValidateNavBar" tests="1" failures="0" timestamp="2020-03-19T16:09:40 EDT" time="0.026" errors="0">
  <testcase name="validateAppNavBar" time="0.026" classname="Academy.ValidateNavBar"/>
  <system-out/>
</testsuite> <!-- Academy.ValidateNavBar -->
