<?xml version="1.0" encoding="UTF-8"?>
<!-- Generated by org.testng.reporters.JUnitReportReporter -->
<testsuite skipped="0" hostname="Almazs-MBP.fios-router.home" name="Academy.HomePage" tests="2" failures="0" timestamp="2020-03-19T16:09:40 EDT" time="14.609" errors="0">
  <testcase name="basePageNavigation" time="5.123" classname="Academy.HomePage"/>
  <system-out/>
  <testcase name="basePageNavigation" time="9.486" classname="Academy.HomePage"/>
  <system-out/>
</testsuite> <!-- Academy.HomePage -->
